<?xml version="1.0" encoding="UTF-8"?>
<testsuite xmlns:xsi="http://www.w3.org/2001/XMLSchema-instance" xsi:noNamespaceSchemaLocation="https://maven.apache.org/surefire/maven-surefire-plugin/xsd/surefire-test-report.xsd" name="This describe the Merchandise functionality for HeatClinic Application" time="319.7" tests="19" errors="0" skipped="0" failures="0">
  <properties>
[...]
</properties>
  <testcase name="1.User can able to view Hawt Like a Habanero Shirt (Men&apos;s) product and can navigate back to merchandise page" classname="This describe the Merchandise functionality for HeatClinic Application" time="18.767"/>
  <testcase name="2. User can able to view  Heat Clinic Hand-Drawn (Men&apos;s) product can navigate back to merchandise page" classname="This describe the Merchandise functionality for HeatClinic Application" time="15.394"/>
  <testcase name="3.User can able to view Heat Clinic Mascot (Men&apos;s) product can navigate back to merchandise page" classname="This describe the Merchandise functionality for HeatClinic Application" time="14.903"/>
  <testcase name="4.All products price on the product picture on merchandise men page is visible" classname="This describe the Merchandise functionality for HeatClinic Application" time="13.309"/>
  <testcase name="5.On the Habanero Shirt (Men&apos;s) product page user can select Red color and Red color product will show" classname="This describe the Merchandise functionality for HeatClinic Application" time="15.101"/>
  <testcase name="6.On the Habanero Shirt (Men&apos;s) product page user can select Black color and Black color product will show" classname="This describe the Merchandise functionality for HeatClinic Application" time="14.318"/>
  <testcase name="7.Three t-shirt image will be visible under the main t-shirt image" classname="This describe the Merchandise functionality for HeatClinic Application" time="19.241"/>
  <testcase name="7.Three t-shirt image will be visible under the main t-shirt image" classname="This describe the Merchandise functionality for HeatClinic Application" time="18.669"/>
  <testcase name="7.Three t-shirt image will be visible under the main t-shirt image" classname="This describe the Merchandise functionality for HeatClinic Application" time="19.822"/>
  <testcase name="8.User can able select sizes from size box chart" classname="This describe the Merchandise functionality for HeatClinic Application" time="19.281"/>
  <testcase name="8.User can able select sizes from size box chart" classname="This describe the Merchandise functionality for HeatClinic Application" time="18.925"/>
  <testcase name="8.User can able select sizes from size box chart" classname="This describe the Merchandise functionality for HeatClinic Application" time="19.025"/>
  <testcase name="8.User can able select sizes from size box chart" classname="This describe the Merchandise functionality for HeatClinic Application" time="18.853"/>
  <testcase name="9.Verify the description for Habanero Shirt product" classname="This describe the Merchandise functionality for HeatClinic Application" time="13.829"/>
  <testcase name="10.User cannot buy product if no options were selected" classname="This describe the Merchandise functionality for HeatClinic Application" time="17.859"/>
  <testcase name="11.User can view the price on product page" classname="This describe the Merchandise functionality for HeatClinic Application" time="18.083"/>
  <testcase name="12.Product title page should display on product page" classname="This describe the Merchandise functionality for HeatClinic Application" time="14.006"/>
  <testcase name="13.User click on Red box shirt color but avoid Shirt size,user cannot proceed to checkout" classname="This describe the Merchandise functionality for HeatClinic Application" time="14.86"/>
  <testcase name="14.User click on Black box shirt color but avoid Shirt size,user cannot proceed to checkout" classname="This describe the Merchandise functionality for HeatClinic Application" time="15.131"/>
</testsuite>